[debug] [2018-02-15T07:13:40.303Z] ----------------------------------------------------------------------
[debug] [2018-02-15T07:13:40.305Z] Command:       C:\Program Files\nodejs\node.exe C:\Users\txapasta\AppData\Roaming\npm\node_modules\firebase-tools\bin\firebase init
[debug] [2018-02-15T07:13:40.305Z] CLI Version:   3.17.4
[debug] [2018-02-15T07:13:40.305Z] Platform:      win32
[debug] [2018-02-15T07:13:40.305Z] Node Version:  v8.9.4
[debug] [2018-02-15T07:13:40.306Z] Time:          Thu Feb 15 2018 08:13:40 GMT+0100 (Hora estándar romance)
[debug] [2018-02-15T07:13:40.306Z] ----------------------------------------------------------------------
[debug] 
[debug] [2018-02-15T07:13:40.315Z] > command requires scopes: ["email","openid","https://www.googleapis.com/auth/cloudplatformprojects.readonly","https://www.googleapis.com/auth/firebase"]
[debug] [2018-02-15T07:13:40.316Z] > authorizing via signed-in user
[info] 
     ######## #### ########  ######## ########     ###     ######  ########
     ##        ##  ##     ## ##       ##     ##  ##   ##  ##       ##
     ######    ##  ########  ######   ########  #########  ######  ######
     ##        ##  ##    ##  ##       ##     ## ##     ##       ## ##
     ##       #### ##     ## ######## ########  ##     ##  ######  ########

You're about to initialize a Firebase project in this directory:

  C:\Users\txapasta\Desktop\GAP-Jon Egaña\proiektua\dokumentazioa_garbian

[info] 
=== Project Setup
[info] 
[info] First, let's associate this project directory with a Firebase project.
[info] You can create multiple project aliases by running firebase use --add, 
[info] but for now we'll just set up a default project.
[info] 
[debug] [2018-02-15T07:13:47.839Z] > refreshing access token with scopes: ["email","https://www.googleapis.com/auth/cloudplatformprojects.readonly","https://www.googleapis.com/auth/firebase","openid"]
[debug] [2018-02-15T07:13:47.839Z] >>> HTTP REQUEST POST https://www.googleapis.com/oauth2/v3/token  
 { refresh_token: '1/jZRhbjr4CCUCxFRCl81wqDyIadWf8ez5nTCgWWCh6yo',
  client_id: '563584335869-fgrhgmd47bqnekij5i8b5pr03ho849e6.apps.googleusercontent.com',
  client_secret: 'j9iVZfS8kkCEFUPaAeJV0sAi',
  grant_type: 'refresh_token',
  scope: 'email https://www.googleapis.com/auth/cloudplatformprojects.readonly https://www.googleapis.com/auth/firebase openid' } 
 Thu Feb 15 2018 08:13:47 GMT+0100 (Hora estándar romance)
[debug] [2018-02-15T07:13:48.090Z] <<< HTTP RESPONSE 200
[debug] [2018-02-15T07:13:48.121Z] >>> HTTP REQUEST GET https://admin.firebase.com/v1/projects  
  
 Thu Feb 15 2018 08:13:48 GMT+0100 (Hora estándar romance)
[debug] [2018-02-15T07:13:49.031Z] <<< HTTP RESPONSE 200
[info] 
=== Hosting Setup
[info] 
[info] Your public directory is the folder (relative to your project directory) that
[info] will contain Hosting assets to be uploaded with firebase deploy. If you
[info] have a build process for your assets, use your build's output directory.
[info] 
[info] +  Wrote public/404.html
[debug] [2018-02-15T07:14:40.861Z] >>> HTTP REQUEST GET https://www.gstatic.com/firebasejs/releases.json  
  
 Thu Feb 15 2018 08:14:40 GMT+0100 (Hora estándar romance)
[debug] [2018-02-15T07:14:40.986Z] <<< HTTP RESPONSE 200
[info] i  Skipping write of public/index.html
[info] 
[info] i  Writing configuration info to firebase.json...
[info] i  Writing project information to .firebaserc...
[info] 
[info] +  Firebase initialization complete!
